<?xml version="1.0" encoding="UTF-8"?>
<!-- Generated by org.testng.reporters.JUnitReportReporter -->
<testsuite hostname="IBM-DOTNET-001" name="Demos.Demos" tests="2" failures="0" timestamp="3 Aug 2021 05:19:32 GMT" time="6.470" errors="0">
  <testcase name="testcase1" time="5.457" classname="Demos.Demos"/>
  <testcase name="testcase2" time="1.013" classname="Demos.Demos"/>
</testsuite> <!-- Demos.Demos -->
